
> frontend@0.0.0 dev
> vite --port 5173 --strictPort


  VITE v7.1.5  ready in 128 ms

  ➜  Local:   http://localhost:5173/
  ➜  Network: use --host to expose
8:01:02 PM [vite] (client) hmr update /src/pages/Dashboard.tsx, /src/index.css
8:01:31 PM [vite] (client) hmr update /src/pages/Dashboard.tsx, /src/index.css
6:20:00 AM [vite] (client) hmr update /src/App.tsx, /src/pages/SupervisorQueue.tsx, /src/pages/OrgDashboard.tsx, /src/components/EPAList.tsx, /src/components/Navbar.tsx, /src/components/ReflectionLog.tsx, /src/pages/EPADetail.tsx, /src/pages/LogbookPage.tsx, /src/pages/CRAEdit.tsx, /src/pages/SupervisorLinks.tsx, /src/pages/MyReflections.tsx, /src/pages/ForgotPassword.tsx, /src/pages/RegisterTerms.tsx, /src/pages/LogbookEditor.tsx, /src/pages/RegisterDetails.tsx, /src/pages/RegisterVerify.tsx, /src/pages/SectionB.tsx, /src/pages/RegisterSubscribe.tsx, /src/pages/UserProfile.tsx, /src/pages/SectionC.tsx, /src/pages/Dashboard.tsx, /src/pages/SectionA.tsx, /src/components/LoginForm.tsx, /src/components/LogbookEntryValidator.tsx, /src/components/InternshipValidationCard.tsx, /src/index.css
6:20:23 AM [vite] (client) hmr update /src/App.tsx, /src/pages/SupervisorQueue.tsx, /src/pages/OrgDashboard.tsx, /src/components/EPAList.tsx, /src/components/Navbar.tsx, /src/components/ReflectionLog.tsx, /src/pages/EPADetail.tsx, /src/pages/LogbookPage.tsx, /src/pages/CRAEdit.tsx, /src/pages/SupervisorLinks.tsx, /src/pages/MyReflections.tsx, /src/pages/ForgotPassword.tsx, /src/pages/RegisterTerms.tsx, /src/pages/LogbookEditor.tsx, /src/pages/RegisterDetails.tsx, /src/pages/RegisterVerify.tsx, /src/pages/SectionB.tsx, /src/pages/RegisterSubscribe.tsx, /src/pages/UserProfile.tsx, /src/pages/SectionC.tsx, /src/pages/Dashboard.tsx, /src/pages/SectionA.tsx, /src/components/LoginForm.tsx, /src/components/LogbookEntryValidator.tsx, /src/components/InternshipValidationCard.tsx, /src/index.css
6:21:05 AM [vite] (client) hmr update /src/components/ui/badge.tsx, /src/index.css
6:21:06 AM [vite] (client) hmr invalidate /src/components/ui/badge.tsx Could not Fast Refresh ("badgeVariants" export is incompatible). Learn more at https://github.com/vitejs/vite-plugin-react/tree/main/packages/plugin-react#consistent-components-exports
6:21:06 AM [vite] (client) hmr update /src/pages/LogbookPage.tsx, /src/pages/LogbookEditor.tsx, /src/pages/SectionB.tsx, /src/pages/SectionC.tsx, /src/pages/SectionA.tsx
6:21:32 AM [vite] (client) hmr update /src/pages/Dashboard.tsx, /src/index.css
6:21:41 AM [vite] (client) hmr update /src/pages/Dashboard.tsx, /src/index.css
6:22:00 AM [vite] (client) hmr update /src/pages/Dashboard.tsx, /src/index.css
6:22:09 AM [vite] (client) hmr update /src/pages/Dashboard.tsx, /src/index.css
6:22:24 AM [vite] (client) hmr update /src/pages/Dashboard.tsx, /src/index.css
6:22:33 AM [vite] (client) hmr update /src/pages/Dashboard.tsx, /src/index.css
6:22:41 AM [vite] (client) hmr update /src/pages/Dashboard.tsx, /src/index.css
6:22:55 AM [vite] (client) hmr update /src/App.tsx, /src/pages/SupervisorQueue.tsx, /src/pages/OrgDashboard.tsx, /src/components/EPAList.tsx, /src/components/Navbar.tsx, /src/components/ReflectionLog.tsx, /src/pages/EPADetail.tsx, /src/pages/LogbookPage.tsx, /src/pages/CRAEdit.tsx, /src/pages/SupervisorLinks.tsx, /src/pages/MyReflections.tsx, /src/pages/ForgotPassword.tsx, /src/pages/RegisterTerms.tsx, /src/pages/LogbookEditor.tsx, /src/pages/RegisterDetails.tsx, /src/pages/RegisterVerify.tsx, /src/pages/SectionB.tsx, /src/pages/RegisterSubscribe.tsx, /src/pages/UserProfile.tsx, /src/pages/SectionC.tsx, /src/pages/Dashboard.tsx, /src/pages/SectionA.tsx, /src/components/LoginForm.tsx, /src/components/LogbookEntryValidator.tsx, /src/components/InternshipValidationCard.tsx, /src/components/RegistrarSummaryCard.tsx, /src/index.css
6:22:55 AM [vite] (client) hmr update /src/index.css
6:22:55 AM [vite] (client) hmr update /src/pages/Dashboard.tsx, /src/index.css
6:22:55 AM [vite] (client) hmr update /src/index.css, /src/components/RegistrarSummaryCard.tsx
6:22:55 AM [vite] (client) hmr update /src/components/ui/badge.tsx, /src/index.css
6:27:10 AM [vite] (client) hmr update /src/pages/UserProfile.tsx, /src/index.css
6:27:20 AM [vite] (client) hmr update /src/pages/UserProfile.tsx, /src/index.css
6:27:54 AM [vite] (client) hmr update /src/pages/UserProfile.tsx, /src/index.css
6:28:40 AM [vite] (client) hmr update /src/pages/UserProfile.tsx, /src/index.css
6:33:29 AM [vite] (client) hmr update /src/pages/UserProfile.tsx, /src/index.css
6:34:05 AM [vite] (client) hmr update /src/pages/UserProfile.tsx, /src/index.css
6:34:29 AM [vite] (client) hmr update /src/pages/UserProfile.tsx, /src/index.css
6:34:49 AM [vite] (client) hmr update /src/pages/UserProfile.tsx, /src/index.css
6:35:07 AM [vite] (client) hmr update /src/pages/UserProfile.tsx, /src/index.css
6:37:05 AM [vite] (client) hmr update /src/pages/UserProfile.tsx, /src/index.css
6:37:13 AM [vite] (client) hmr update /src/pages/UserProfile.tsx, /src/index.css
6:37:21 AM [vite] (client) hmr update /src/pages/UserProfile.tsx, /src/index.css
6:37:44 AM [vite] (client) hmr update /src/pages/UserProfile.tsx, /src/index.css
6:37:53 AM [vite] (client) hmr update /src/pages/UserProfile.tsx, /src/index.css
6:38:23 AM [vite] (client) hmr update /src/pages/RegisterDetails.tsx, /src/index.css
6:38:30 AM [vite] (client) hmr update /src/pages/RegisterDetails.tsx, /src/index.css
6:38:42 AM [vite] (client) hmr update /src/pages/RegisterDetails.tsx, /src/index.css
6:38:58 AM [vite] (client) hmr update /src/pages/RegisterDetails.tsx, /src/index.css
6:40:00 AM [vite] (client) hmr update /src/pages/UserProfile.tsx, /src/index.css
6:40:00 AM [vite] (client) hmr update /src/pages/RegisterDetails.tsx, /src/index.css
6:45:30 AM [vite] (client) hmr update /src/pages/UserProfile.tsx, /src/index.css
6:45:30 AM [vite] Internal server error: /Users/macdemac/Local Sites/CAPE/frontend/src/pages/UserProfile.tsx: Expected corresponding JSX closing tag for <CardContent>. (567:10)

  565 |               </>
  566 |             )}
> 567 |           </div>
      |           ^
  568 |
  569 |           <div className="grid grid-cols-1 md:grid-cols-2 gap-4">
  570 |             <div>
  Plugin: vite:react-babel
  File: /Users/macdemac/Local Sites/CAPE/frontend/src/pages/UserProfile.tsx:567:10
  565 |                </>
  566 |              )}
  567 |            </div>
      |            ^
  568 |  
  569 |            <div className="grid grid-cols-1 md:grid-cols-2 gap-4">
      at constructor (/Users/macdemac/Local Sites/CAPE/frontend/node_modules/@babel/parser/lib/index.js:367:19)
      at TypeScriptParserMixin.raise (/Users/macdemac/Local Sites/CAPE/frontend/node_modules/@babel/parser/lib/index.js:6630:19)
      at TypeScriptParserMixin.jsxParseElementAt (/Users/macdemac/Local Sites/CAPE/frontend/node_modules/@babel/parser/lib/index.js:4760:16)
      at TypeScriptParserMixin.jsxParseElementAt (/Users/macdemac/Local Sites/CAPE/frontend/node_modules/@babel/parser/lib/index.js:4731:32)
      at TypeScriptParserMixin.jsxParseElementAt (/Users/macdemac/Local Sites/CAPE/frontend/node_modules/@babel/parser/lib/index.js:4731:32)
      at TypeScriptParserMixin.jsxParseElement (/Users/macdemac/Local Sites/CAPE/frontend/node_modules/@babel/parser/lib/index.js:4782:17)
      at TypeScriptParserMixin.parseExprAtom (/Users/macdemac/Local Sites/CAPE/frontend/node_modules/@babel/parser/lib/index.js:4792:19)
      at TypeScriptParserMixin.parseExprSubscripts (/Users/macdemac/Local Sites/CAPE/frontend/node_modules/@babel/parser/lib/index.js:11085:23)
      at TypeScriptParserMixin.parseUpdate (/Users/macdemac/Local Sites/CAPE/frontend/node_modules/@babel/parser/lib/index.js:11070:21)
      at TypeScriptParserMixin.parseMaybeUnary (/Users/macdemac/Local Sites/CAPE/frontend/node_modules/@babel/parser/lib/index.js:11050:23)
      at TypeScriptParserMixin.parseMaybeUnary (/Users/macdemac/Local Sites/CAPE/frontend/node_modules/@babel/parser/lib/index.js:9857:18)
      at TypeScriptParserMixin.parseMaybeUnaryOrPrivate (/Users/macdemac/Local Sites/CAPE/frontend/node_modules/@babel/parser/lib/index.js:10903:61)
      at TypeScriptParserMixin.parseExprOps (/Users/macdemac/Local Sites/CAPE/frontend/node_modules/@babel/parser/lib/index.js:10908:23)
      at TypeScriptParserMixin.parseMaybeConditional (/Users/macdemac/Local Sites/CAPE/frontend/node_modules/@babel/parser/lib/index.js:10885:23)
      at TypeScriptParserMixin.parseMaybeAssign (/Users/macdemac/Local Sites/CAPE/frontend/node_modules/@babel/parser/lib/index.js:10835:21)
      at /Users/macdemac/Local Sites/CAPE/frontend/node_modules/@babel/parser/lib/index.js:9795:39
      at TypeScriptParserMixin.tryParse (/Users/macdemac/Local Sites/CAPE/frontend/node_modules/@babel/parser/lib/index.js:6938:20)
      at TypeScriptParserMixin.parseMaybeAssign (/Users/macdemac/Local Sites/CAPE/frontend/node_modules/@babel/parser/lib/index.js:9795:18)
      at /Users/macdemac/Local Sites/CAPE/frontend/node_modules/@babel/parser/lib/index.js:10804:39
      at TypeScriptParserMixin.allowInAnd (/Users/macdemac/Local Sites/CAPE/frontend/node_modules/@babel/parser/lib/index.js:12436:12)
      at TypeScriptParserMixin.parseMaybeAssignAllowIn (/Users/macdemac/Local Sites/CAPE/frontend/node_modules/@babel/parser/lib/index.js:10804:17)
      at TypeScriptParserMixin.parseMaybeAssignAllowInOrVoidPattern (/Users/macdemac/Local Sites/CAPE/frontend/node_modules/@babel/parser/lib/index.js:12503:17)
      at TypeScriptParserMixin.parseParenAndDistinguishExpression (/Users/macdemac/Local Sites/CAPE/frontend/node_modules/@babel/parser/lib/index.js:11683:28)
      at TypeScriptParserMixin.parseExprAtom (/Users/macdemac/Local Sites/CAPE/frontend/node_modules/@babel/parser/lib/index.js:11335:23)
      at TypeScriptParserMixin.parseExprAtom (/Users/macdemac/Local Sites/CAPE/frontend/node_modules/@babel/parser/lib/index.js:4797:20)
      at TypeScriptParserMixin.parseExprSubscripts (/Users/macdemac/Local Sites/CAPE/frontend/node_modules/@babel/parser/lib/index.js:11085:23)
      at TypeScriptParserMixin.parseUpdate (/Users/macdemac/Local Sites/CAPE/frontend/node_modules/@babel/parser/lib/index.js:11070:21)
      at TypeScriptParserMixin.parseMaybeUnary (/Users/macdemac/Local Sites/CAPE/frontend/node_modules/@babel/parser/lib/index.js:11050:23)
      at TypeScriptParserMixin.parseMaybeUnary (/Users/macdemac/Local Sites/CAPE/frontend/node_modules/@babel/parser/lib/index.js:9857:18)
      at TypeScriptParserMixin.parseMaybeUnaryOrPrivate (/Users/macdemac/Local Sites/CAPE/frontend/node_modules/@babel/parser/lib/index.js:10903:61)
      at TypeScriptParserMixin.parseExprOps (/Users/macdemac/Local Sites/CAPE/frontend/node_modules/@babel/parser/lib/index.js:10908:23)
      at TypeScriptParserMixin.parseMaybeConditional (/Users/macdemac/Local Sites/CAPE/frontend/node_modules/@babel/parser/lib/index.js:10885:23)
      at TypeScriptParserMixin.parseMaybeAssign (/Users/macdemac/Local Sites/CAPE/frontend/node_modules/@babel/parser/lib/index.js:10835:21)
      at TypeScriptParserMixin.parseMaybeAssign (/Users/macdemac/Local Sites/CAPE/frontend/node_modules/@babel/parser/lib/index.js:9806:20)
      at TypeScriptParserMixin.parseExpressionBase (/Users/macdemac/Local Sites/CAPE/frontend/node_modules/@babel/parser/lib/index.js:10788:23)
      at /Users/macdemac/Local Sites/CAPE/frontend/node_modules/@babel/parser/lib/index.js:10784:39
      at TypeScriptParserMixin.allowInAnd (/Users/macdemac/Local Sites/CAPE/frontend/node_modules/@babel/parser/lib/index.js:12431:16)
      at TypeScriptParserMixin.parseExpression (/Users/macdemac/Local Sites/CAPE/frontend/node_modules/@babel/parser/lib/index.js:10784:17)
      at TypeScriptParserMixin.parseReturnStatement (/Users/macdemac/Local Sites/CAPE/frontend/node_modules/@babel/parser/lib/index.js:13151:28)
      at TypeScriptParserMixin.parseStatementContent (/Users/macdemac/Local Sites/CAPE/frontend/node_modules/@babel/parser/lib/index.js:12807:21)
      at TypeScriptParserMixin.parseStatementContent (/Users/macdemac/Local Sites/CAPE/frontend/node_modules/@babel/parser/lib/index.js:9532:18)
      at TypeScriptParserMixin.parseStatementLike (/Users/macdemac/Local Sites/CAPE/frontend/node_modules/@babel/parser/lib/index.js:12776:17)
      at TypeScriptParserMixin.parseStatementListItem (/Users/macdemac/Local Sites/CAPE/frontend/node_modules/@babel/parser/lib/index.js:12756:17)
      at TypeScriptParserMixin.parseBlockOrModuleBlockBody (/Users/macdemac/Local Sites/CAPE/frontend/node_modules/@babel/parser/lib/index.js:13325:61)
      at TypeScriptParserMixin.parseBlockBody (/Users/macdemac/Local Sites/CAPE/frontend/node_modules/@babel/parser/lib/index.js:13318:10)
      at TypeScriptParserMixin.parseBlock (/Users/macdemac/Local Sites/CAPE/frontend/node_modules/@babel/parser/lib/index.js:13306:10)
      at TypeScriptParserMixin.parseFunctionBody (/Users/macdemac/Local Sites/CAPE/frontend/node_modules/@babel/parser/lib/index.js:12110:24)
      at TypeScriptParserMixin.parseArrowExpression (/Users/macdemac/Local Sites/CAPE/frontend/node_modules/@babel/parser/lib/index.js:12085:10)
      at TypeScriptParserMixin.parseParenAndDistinguishExpression (/Users/macdemac/Local Sites/CAPE/frontend/node_modules/@babel/parser/lib/index.js:11695:12)
      at TypeScriptParserMixin.parseExprAtom (/Users/macdemac/Local Sites/CAPE/frontend/node_modules/@babel/parser/lib/index.js:11335:23)
6:45:42 AM [vite] (client) hmr update /src/pages/UserProfile.tsx, /src/index.css
6:46:01 AM [vite] (client) hmr update /src/pages/UserProfile.tsx, /src/index.css
6:46:10 AM [vite] (client) hmr update /src/pages/UserProfile.tsx, /src/index.css
6:46:10 AM [vite] (client) hmr update /src/pages/UserProfile.tsx, /src/index.css
6:46:21 AM [vite] (client) hmr update /src/pages/UserProfile.tsx, /src/index.css
6:47:05 AM [vite] (client) hmr update /src/pages/UserProfile.tsx, /src/index.css
6:47:54 AM [vite] (client) hmr update /src/pages/UserProfile.tsx, /src/index.css
6:48:02 AM [vite] (client) hmr update /src/pages/UserProfile.tsx, /src/index.css
6:49:36 AM [vite] (client) hmr update /src/pages/UserProfile.tsx, /src/index.css
6:49:41 AM [vite] (client) hmr update /src/pages/UserProfile.tsx, /src/index.css
6:50:52 AM [vite] (client) hmr update /src/pages/UserProfile.tsx, /src/index.css
6:50:58 AM [vite] (client) hmr update /src/pages/UserProfile.tsx, /src/index.css
6:50:58 AM [vite] (client) hmr update /src/pages/UserProfile.tsx, /src/index.css
7:00:22 AM [vite] (client) hmr update /src/pages/UserProfile.tsx, /src/index.css
7:00:33 AM [vite] (client) hmr update /src/pages/UserProfile.tsx, /src/index.css
7:00:53 AM [vite] (client) hmr update /src/pages/UserProfile.tsx, /src/index.css
7:01:03 AM [vite] (client) hmr update /src/pages/UserProfile.tsx, /src/index.css
7:01:17 AM [vite] (client) hmr update /src/pages/UserProfile.tsx, /src/index.css
7:32:32 AM [vite] (client) hmr update /src/pages/UserProfile.tsx, /src/index.css
7:32:45 AM [vite] (client) hmr update /src/pages/UserProfile.tsx, /src/index.css
7:32:54 AM [vite] (client) hmr update /src/pages/UserProfile.tsx, /src/index.css
8:00:58 AM [vite] (client) hmr update /src/pages/UserProfile.tsx, /src/index.css
8:01:08 AM [vite] (client) hmr update /src/pages/UserProfile.tsx, /src/index.css
8:01:18 AM [vite] (client) hmr update /src/pages/UserProfile.tsx, /src/index.css
8:01:18 AM [vite] (client) hmr update /src/pages/UserProfile.tsx, /src/index.css
8:01:28 AM [vite] (client) hmr update /src/pages/UserProfile.tsx, /src/index.css
8:01:36 AM [vite] (client) hmr update /src/pages/UserProfile.tsx, /src/index.css
8:05:03 AM [vite] (client) hmr update /src/pages/UserProfile.tsx, /src/index.css
8:05:23 AM [vite] (client) hmr update /src/pages/UserProfile.tsx, /src/index.css
8:06:02 AM [vite] (client) hmr update /src/pages/UserProfile.tsx, /src/index.css
8:09:10 AM [vite] (client) hmr update /src/pages/UserProfile.tsx, /src/index.css
8:09:20 AM [vite] (client) hmr update /src/pages/UserProfile.tsx, /src/index.css
8:09:30 AM [vite] (client) hmr update /src/pages/UserProfile.tsx, /src/index.css
8:09:41 AM [vite] (client) hmr update /src/pages/UserProfile.tsx, /src/index.css
8:09:54 AM [vite] (client) hmr update /src/pages/UserProfile.tsx, /src/index.css
8:10:27 AM [vite] (client) hmr update /src/pages/UserProfile.tsx, /src/index.css
8:10:38 AM [vite] (client) hmr update /src/pages/UserProfile.tsx, /src/index.css
8:15:49 AM [vite] (client) hmr update /src/pages/UserProfile.tsx, /src/index.css
8:16:17 AM [vite] (client) hmr update /src/pages/UserProfile.tsx, /src/index.css
8:17:06 AM [vite] (client) hmr update /src/index.css
8:17:06 AM [vite] (client) hmr update /src/pages/UserProfile.tsx, /src/index.css
9:09:45 AM [vite] (client) hmr update /src/index.css
9:10:07 AM [vite] (client) hmr update /src/pages/RegisterDetails.tsx, /src/index.css
9:10:16 AM [vite] (client) hmr update /src/pages/RegisterDetails.tsx, /src/index.css
9:10:24 AM [vite] (client) hmr update /src/pages/RegisterDetails.tsx, /src/index.css
9:10:34 AM [vite] (client) hmr update /src/pages/RegisterDetails.tsx, /src/index.css
9:10:34 AM [vite] (client) hmr update /src/pages/RegisterDetails.tsx, /src/index.css
9:11:07 AM [vite] (client) hmr update /src/pages/RegisterDetails.tsx, /src/index.css
9:11:19 AM [vite] (client) hmr update /src/pages/UserProfile.tsx, /src/index.css
9:11:34 AM [vite] (client) hmr update /src/pages/UserProfile.tsx, /src/index.css
9:11:46 AM [vite] (client) hmr update /src/pages/UserProfile.tsx, /src/index.css
9:12:08 AM [vite] (client) hmr update /src/pages/UserProfile.tsx, /src/index.css
9:12:26 AM [vite] (client) hmr update /src/pages/UserProfile.tsx, /src/index.css
9:13:20 AM [vite] (client) hmr update /src/index.css, /src/pages/RegisterDetails.tsx, /src/components/CitySelect.tsx, /src/pages/UserProfile.tsx
9:13:20 AM [vite] (client) hmr update /src/pages/RegisterDetails.tsx, /src/index.css
9:13:20 AM [vite] (client) hmr update /src/index.css
9:13:20 AM [vite] (client) hmr update /src/index.css, /src/components/CitySelect.tsx
9:13:20 AM [vite] (client) hmr update /src/pages/UserProfile.tsx, /src/index.css
9:19:42 AM [vite] (client) hmr update /src/pages/UserProfile.tsx, /src/index.css
9:21:51 AM [vite] (client) hmr update /src/pages/UserProfile.tsx, /src/index.css
9:49:57 AM [vite] (client) hmr update /src/pages/UserProfile.tsx, /src/index.css
9:49:57 AM [vite] Internal server error: Failed to resolve import "sonner" from "src/components/EndorsementManagementModal.tsx". Does the file exist?
  Plugin: vite:import-analysis
  File: /Users/macdemac/Local Sites/CAPE/frontend/src/components/EndorsementManagementModal.tsx:10:22
  25 |  import { Badge } from "@/components/ui/badge";
  26 |  import { Trash2, Edit, Plus, Calendar, Award } from "lucide-react";
  27 |  import { toast } from "sonner";
     |                         ^
  28 |  const ENDORSEMENT_OPTIONS = [
  29 |    { value: "CLINICAL", label: "Clinical Psychology" },
      at TransformPluginContext._formatLog (file:///Users/macdemac/Local%20Sites/CAPE/frontend/node_modules/vite/dist/node/chunks/dep-M_KD0XSK.js:31527:43)
      at TransformPluginContext.error (file:///Users/macdemac/Local%20Sites/CAPE/frontend/node_modules/vite/dist/node/chunks/dep-M_KD0XSK.js:31524:14)
      at normalizeUrl (file:///Users/macdemac/Local%20Sites/CAPE/frontend/node_modules/vite/dist/node/chunks/dep-M_KD0XSK.js:29996:18)
      at process.processTicksAndRejections (node:internal/process/task_queues:105:5)
      at async file:///Users/macdemac/Local%20Sites/CAPE/frontend/node_modules/vite/dist/node/chunks/dep-M_KD0XSK.js:30054:32
      at async Promise.all (index 12)
      at async TransformPluginContext.transform (file:///Users/macdemac/Local%20Sites/CAPE/frontend/node_modules/vite/dist/node/chunks/dep-M_KD0XSK.js:30022:4)
      at async EnvironmentPluginContainer.transform (file:///Users/macdemac/Local%20Sites/CAPE/frontend/node_modules/vite/dist/node/chunks/dep-M_KD0XSK.js:31325:14)
      at async loadAndTransform (file:///Users/macdemac/Local%20Sites/CAPE/frontend/node_modules/vite/dist/node/chunks/dep-M_KD0XSK.js:26407:26)
9:49:57 AM [vite] (client) Pre-transform error: Failed to resolve import "sonner" from "src/components/EndorsementManagementModal.tsx". Does the file exist?
  Plugin: vite:import-analysis
  File: /Users/macdemac/Local Sites/CAPE/frontend/src/components/EndorsementManagementModal.tsx:10:22
  25 |  import { Badge } from "@/components/ui/badge";
  26 |  import { Trash2, Edit, Plus, Calendar, Award } from "lucide-react";
  27 |  import { toast } from "sonner";
     |                         ^
  28 |  const ENDORSEMENT_OPTIONS = [
  29 |    { value: "CLINICAL", label: "Clinical Psychology" },
9:50:04 AM [vite] (client) hmr update /src/pages/UserProfile.tsx, /src/index.css
9:50:04 AM [vite] (client) Pre-transform error: Failed to resolve import "sonner" from "src/components/EndorsementManagementModal.tsx". Does the file exist?
  Plugin: vite:import-analysis
  File: /Users/macdemac/Local Sites/CAPE/frontend/src/components/EndorsementManagementModal.tsx:10:22
  25 |  import { Badge } from "@/components/ui/badge";
  26 |  import { Trash2, Edit, Plus, Calendar, Award } from "lucide-react";
  27 |  import { toast } from "sonner";
     |                         ^
  28 |  const ENDORSEMENT_OPTIONS = [
  29 |    { value: "CLINICAL", label: "Clinical Psychology" },
9:51:08 AM [vite] (client) hmr update /src/App.tsx, /src/index.css
9:51:08 AM [vite] (client) ✨ new dependencies optimized: sonner
9:51:08 AM [vite] (client) ✨ optimized dependencies changed. reloading
9:51:09 AM [vite] (client) Pre-transform error: Failed to resolve import "@/components/ui/dialog" from "src/components/EndorsementManagementModal.tsx". Does the file exist?
  Plugin: vite:import-analysis
  File: /Users/macdemac/Local Sites/CAPE/frontend/src/components/EndorsementManagementModal.tsx:2:80
  17 |  var _s = $RefreshSig$();
  18 |  import React, { useState, useEffect } from "react";
  19 |  import { Dialog, DialogContent, DialogHeader, DialogTitle, DialogTrigger } from "@/components/ui/dialog";
     |                                                                                   ^
  20 |  import { Button } from "@/components/ui/button";
  21 |  import { Input } from "@/components/ui/input";
9:51:09 AM [vite] Internal server error: Failed to resolve import "@/components/ui/dialog" from "src/components/EndorsementManagementModal.tsx". Does the file exist?
  Plugin: vite:import-analysis
  File: /Users/macdemac/Local Sites/CAPE/frontend/src/components/EndorsementManagementModal.tsx:2:80
  17 |  var _s = $RefreshSig$();
  18 |  import React, { useState, useEffect } from "react";
  19 |  import { Dialog, DialogContent, DialogHeader, DialogTitle, DialogTrigger } from "@/components/ui/dialog";
     |                                                                                   ^
  20 |  import { Button } from "@/components/ui/button";
  21 |  import { Input } from "@/components/ui/input";
      at TransformPluginContext._formatLog (file:///Users/macdemac/Local%20Sites/CAPE/frontend/node_modules/vite/dist/node/chunks/dep-M_KD0XSK.js:31527:43)
      at TransformPluginContext.error (file:///Users/macdemac/Local%20Sites/CAPE/frontend/node_modules/vite/dist/node/chunks/dep-M_KD0XSK.js:31524:14)
      at normalizeUrl (file:///Users/macdemac/Local%20Sites/CAPE/frontend/node_modules/vite/dist/node/chunks/dep-M_KD0XSK.js:29996:18)
      at process.processTicksAndRejections (node:internal/process/task_queues:105:5)
      at async file:///Users/macdemac/Local%20Sites/CAPE/frontend/node_modules/vite/dist/node/chunks/dep-M_KD0XSK.js:30054:32
      at async Promise.all (index 4)
      at async TransformPluginContext.transform (file:///Users/macdemac/Local%20Sites/CAPE/frontend/node_modules/vite/dist/node/chunks/dep-M_KD0XSK.js:30022:4)
      at async EnvironmentPluginContainer.transform (file:///Users/macdemac/Local%20Sites/CAPE/frontend/node_modules/vite/dist/node/chunks/dep-M_KD0XSK.js:31325:14)
      at async loadAndTransform (file:///Users/macdemac/Local%20Sites/CAPE/frontend/node_modules/vite/dist/node/chunks/dep-M_KD0XSK.js:26407:26)
      at async viteTransformMiddleware (file:///Users/macdemac/Local%20Sites/CAPE/frontend/node_modules/vite/dist/node/chunks/dep-M_KD0XSK.js:27492:20)
9:51:25 AM [vite] (client) hmr update /src/App.tsx, /src/index.css
9:51:26 AM [vite] Internal server error: Failed to resolve import "@/components/ui/dialog" from "src/components/EndorsementManagementModal.tsx". Does the file exist?
  Plugin: vite:import-analysis
  File: /Users/macdemac/Local Sites/CAPE/frontend/src/components/EndorsementManagementModal.tsx:2:80
  17 |  var _s = $RefreshSig$();
  18 |  import React, { useState, useEffect } from "react";
  19 |  import { Dialog, DialogContent, DialogHeader, DialogTitle, DialogTrigger } from "@/components/ui/dialog";
     |                                                                                   ^
  20 |  import { Button } from "@/components/ui/button";
  21 |  import { Input } from "@/components/ui/input";
      at TransformPluginContext._formatLog (file:///Users/macdemac/Local%20Sites/CAPE/frontend/node_modules/vite/dist/node/chunks/dep-M_KD0XSK.js:31527:43)
      at TransformPluginContext.error (file:///Users/macdemac/Local%20Sites/CAPE/frontend/node_modules/vite/dist/node/chunks/dep-M_KD0XSK.js:31524:14)
      at normalizeUrl (file:///Users/macdemac/Local%20Sites/CAPE/frontend/node_modules/vite/dist/node/chunks/dep-M_KD0XSK.js:29996:18)
      at process.processTicksAndRejections (node:internal/process/task_queues:105:5)
      at async file:///Users/macdemac/Local%20Sites/CAPE/frontend/node_modules/vite/dist/node/chunks/dep-M_KD0XSK.js:30054:32
      at async Promise.all (index 4)
      at async TransformPluginContext.transform (file:///Users/macdemac/Local%20Sites/CAPE/frontend/node_modules/vite/dist/node/chunks/dep-M_KD0XSK.js:30022:4)
      at async EnvironmentPluginContainer.transform (file:///Users/macdemac/Local%20Sites/CAPE/frontend/node_modules/vite/dist/node/chunks/dep-M_KD0XSK.js:31325:14)
      at async loadAndTransform (file:///Users/macdemac/Local%20Sites/CAPE/frontend/node_modules/vite/dist/node/chunks/dep-M_KD0XSK.js:26407:26)
      at async viteTransformMiddleware (file:///Users/macdemac/Local%20Sites/CAPE/frontend/node_modules/vite/dist/node/chunks/dep-M_KD0XSK.js:27492:20)
9:51:53 AM [vite] (client) hmr update /src/App.tsx, /src/index.css
9:51:53 AM [vite] (client) hmr update /src/pages/UserProfile.tsx, /src/index.css
9:51:53 AM [vite] (client) hmr update /src/pages/UserProfile.tsx, /src/index.css
9:51:53 AM [vite] (client) Pre-transform error: Failed to resolve import "@/components/ui/dialog" from "src/components/EndorsementManagementModal.tsx". Does the file exist?
  Plugin: vite:import-analysis
  File: /Users/macdemac/Local Sites/CAPE/frontend/src/components/EndorsementManagementModal.tsx:2:80
  17 |  var _s = $RefreshSig$();
  18 |  import React, { useState, useEffect } from "react";
  19 |  import { Dialog, DialogContent, DialogHeader, DialogTitle, DialogTrigger } from "@/components/ui/dialog";
     |                                                                                   ^
  20 |  import { Button } from "@/components/ui/button";
  21 |  import { Input } from "@/components/ui/input";
9:51:53 AM [vite] (client) Pre-transform error: Failed to resolve import "@/components/ui/dialog" from "src/components/EndorsementManagementModal.tsx". Does the file exist?
  Plugin: vite:import-analysis
  File: /Users/macdemac/Local Sites/CAPE/frontend/src/components/EndorsementManagementModal.tsx:2:80
  17 |  var _s = $RefreshSig$();
  18 |  import React, { useState, useEffect } from "react";
  19 |  import { Dialog, DialogContent, DialogHeader, DialogTitle, DialogTrigger } from "@/components/ui/dialog";
     |                                                                                   ^
  20 |  import { Button } from "@/components/ui/button";
  21 |  import { Input } from "@/components/ui/input";
9:51:53 AM [vite] Internal server error: Failed to resolve import "@/components/ui/dialog" from "src/components/EndorsementManagementModal.tsx". Does the file exist?
  Plugin: vite:import-analysis
  File: /Users/macdemac/Local Sites/CAPE/frontend/src/components/EndorsementManagementModal.tsx:2:80
  17 |  var _s = $RefreshSig$();
  18 |  import React, { useState, useEffect } from "react";
  19 |  import { Dialog, DialogContent, DialogHeader, DialogTitle, DialogTrigger } from "@/components/ui/dialog";
     |                                                                                   ^
  20 |  import { Button } from "@/components/ui/button";
  21 |  import { Input } from "@/components/ui/input";
      at TransformPluginContext._formatLog (file:///Users/macdemac/Local%20Sites/CAPE/frontend/node_modules/vite/dist/node/chunks/dep-M_KD0XSK.js:31527:43)
      at TransformPluginContext.error (file:///Users/macdemac/Local%20Sites/CAPE/frontend/node_modules/vite/dist/node/chunks/dep-M_KD0XSK.js:31524:14)
      at normalizeUrl (file:///Users/macdemac/Local%20Sites/CAPE/frontend/node_modules/vite/dist/node/chunks/dep-M_KD0XSK.js:29996:18)
      at process.processTicksAndRejections (node:internal/process/task_queues:105:5)
      at async file:///Users/macdemac/Local%20Sites/CAPE/frontend/node_modules/vite/dist/node/chunks/dep-M_KD0XSK.js:30054:32
      at async Promise.all (index 4)
      at async TransformPluginContext.transform (file:///Users/macdemac/Local%20Sites/CAPE/frontend/node_modules/vite/dist/node/chunks/dep-M_KD0XSK.js:30022:4)
      at async EnvironmentPluginContainer.transform (file:///Users/macdemac/Local%20Sites/CAPE/frontend/node_modules/vite/dist/node/chunks/dep-M_KD0XSK.js:31325:14)
      at async loadAndTransform (file:///Users/macdemac/Local%20Sites/CAPE/frontend/node_modules/vite/dist/node/chunks/dep-M_KD0XSK.js:26407:26)
      at async viteTransformMiddleware (file:///Users/macdemac/Local%20Sites/CAPE/frontend/node_modules/vite/dist/node/chunks/dep-M_KD0XSK.js:27492:20)
9:55:55 AM [vite] Internal server error: Failed to resolve import "@/components/ui/dialog" from "src/components/EndorsementManagementModal.tsx". Does the file exist?
  Plugin: vite:import-analysis
  File: /Users/macdemac/Local Sites/CAPE/frontend/src/components/EndorsementManagementModal.tsx:2:80
  17 |  var _s = $RefreshSig$();
  18 |  import React, { useState, useEffect } from "react";
  19 |  import { Dialog, DialogContent, DialogHeader, DialogTitle, DialogTrigger } from "@/components/ui/dialog";
     |                                                                                   ^
  20 |  import { Button } from "@/components/ui/button";
  21 |  import { Input } from "@/components/ui/input";
      at TransformPluginContext._formatLog (file:///Users/macdemac/Local%20Sites/CAPE/frontend/node_modules/vite/dist/node/chunks/dep-M_KD0XSK.js:31527:43)
      at TransformPluginContext.error (file:///Users/macdemac/Local%20Sites/CAPE/frontend/node_modules/vite/dist/node/chunks/dep-M_KD0XSK.js:31524:14)
      at normalizeUrl (file:///Users/macdemac/Local%20Sites/CAPE/frontend/node_modules/vite/dist/node/chunks/dep-M_KD0XSK.js:29996:18)
      at process.processTicksAndRejections (node:internal/process/task_queues:105:5)
      at async file:///Users/macdemac/Local%20Sites/CAPE/frontend/node_modules/vite/dist/node/chunks/dep-M_KD0XSK.js:30054:32
      at async Promise.all (index 4)
      at async TransformPluginContext.transform (file:///Users/macdemac/Local%20Sites/CAPE/frontend/node_modules/vite/dist/node/chunks/dep-M_KD0XSK.js:30022:4)
      at async EnvironmentPluginContainer.transform (file:///Users/macdemac/Local%20Sites/CAPE/frontend/node_modules/vite/dist/node/chunks/dep-M_KD0XSK.js:31325:14)
      at async loadAndTransform (file:///Users/macdemac/Local%20Sites/CAPE/frontend/node_modules/vite/dist/node/chunks/dep-M_KD0XSK.js:26407:26)
      at async viteTransformMiddleware (file:///Users/macdemac/Local%20Sites/CAPE/frontend/node_modules/vite/dist/node/chunks/dep-M_KD0XSK.js:27492:20)
9:56:35 AM [vite] (client) hmr update /src/pages/UserProfile.tsx
9:56:36 AM [vite] (client) Pre-transform error: Failed to resolve import "@radix-ui/react-dialog" from "src/components/ui/dialog.tsx". Does the file exist?
  Plugin: vite:import-analysis
  File: /Users/macdemac/Local Sites/CAPE/frontend/src/components/ui/dialog.tsx:4:33
  17 |  "use client";
  18 |  import * as React from "react";
  19 |  import * as DialogPrimitive from "@radix-ui/react-dialog";
     |                                    ^
  20 |  import { X } from "lucide-react";
  21 |  import { cn } from "@/lib/utils";
9:56:36 AM [vite] Internal server error: Failed to resolve import "@radix-ui/react-dialog" from "src/components/ui/dialog.tsx". Does the file exist?
  Plugin: vite:import-analysis
  File: /Users/macdemac/Local Sites/CAPE/frontend/src/components/ui/dialog.tsx:4:33
  17 |  "use client";
  18 |  import * as React from "react";
  19 |  import * as DialogPrimitive from "@radix-ui/react-dialog";
     |                                    ^
  20 |  import { X } from "lucide-react";
  21 |  import { cn } from "@/lib/utils";
      at TransformPluginContext._formatLog (file:///Users/macdemac/Local%20Sites/CAPE/frontend/node_modules/vite/dist/node/chunks/dep-M_KD0XSK.js:31527:43)
      at TransformPluginContext.error (file:///Users/macdemac/Local%20Sites/CAPE/frontend/node_modules/vite/dist/node/chunks/dep-M_KD0XSK.js:31524:14)
      at normalizeUrl (file:///Users/macdemac/Local%20Sites/CAPE/frontend/node_modules/vite/dist/node/chunks/dep-M_KD0XSK.js:29996:18)
      at process.processTicksAndRejections (node:internal/process/task_queues:105:5)
      at async file:///Users/macdemac/Local%20Sites/CAPE/frontend/node_modules/vite/dist/node/chunks/dep-M_KD0XSK.js:30054:32
      at async Promise.all (index 4)
      at async TransformPluginContext.transform (file:///Users/macdemac/Local%20Sites/CAPE/frontend/node_modules/vite/dist/node/chunks/dep-M_KD0XSK.js:30022:4)
      at async EnvironmentPluginContainer.transform (file:///Users/macdemac/Local%20Sites/CAPE/frontend/node_modules/vite/dist/node/chunks/dep-M_KD0XSK.js:31325:14)
      at async loadAndTransform (file:///Users/macdemac/Local%20Sites/CAPE/frontend/node_modules/vite/dist/node/chunks/dep-M_KD0XSK.js:26407:26)
      at async viteTransformMiddleware (file:///Users/macdemac/Local%20Sites/CAPE/frontend/node_modules/vite/dist/node/chunks/dep-M_KD0XSK.js:27492:20)
9:56:57 AM [vite] (client) hmr update /src/components/EndorsementManagementModal.tsx, /src/index.css
9:56:58 AM [vite] (client) ✨ new dependencies optimized: @radix-ui/react-dialog
9:56:58 AM [vite] (client) ✨ optimized dependencies changed. reloading
9:57:13 AM [vite] (client) hmr update /src/components/ui/dialog.tsx, /src/index.css
9:57:13 AM [vite] (client) hmr update /src/components/EndorsementManagementModal.tsx, /src/index.css
9:58:57 AM [vite] (client) hmr update /src/components/EndorsementManagementModal.tsx, /src/index.css
9:59:05 AM [vite] (client) hmr update /src/components/EndorsementManagementModal.tsx, /src/index.css
10:18:30 AM [vite] (client) hmr update /src/components/EndorsementManagementModal.tsx, /src/index.css
10:18:43 AM [vite] (client) hmr update /src/components/EndorsementManagementModal.tsx, /src/index.css
10:18:56 AM [vite] (client) hmr update /src/components/EndorsementManagementModal.tsx, /src/index.css
10:18:57 AM [vite] (client) hmr update /src/components/EndorsementManagementModal.tsx, /src/index.css
10:19:09 AM [vite] (client) hmr update /src/components/EndorsementManagementModal.tsx, /src/index.css
10:19:09 AM [vite] (client) hmr update /src/components/EndorsementManagementModal.tsx, /src/index.css
10:19:27 AM [vite] (client) hmr update /src/components/EndorsementManagementModal.tsx, /src/index.css
10:21:41 AM [vite] (client) hmr update /src/components/EndorsementManagementModal.tsx, /src/index.css
10:21:49 AM [vite] (client) hmr update /src/components/EndorsementManagementModal.tsx, /src/index.css
10:22:01 AM [vite] (client) hmr update /src/components/EndorsementManagementModal.tsx, /src/index.css
10:22:11 AM [vite] (client) hmr update /src/components/EndorsementManagementModal.tsx, /src/index.css
10:22:36 AM [vite] (client) hmr update /src/components/EndorsementManagementModal.tsx, /src/index.css
10:22:44 AM [vite] (client) hmr update /src/components/EndorsementManagementModal.tsx, /src/index.css
10:22:52 AM [vite] (client) hmr update /src/components/EndorsementManagementModal.tsx, /src/index.css
10:37:54 AM [vite] (client) hmr update /src/App.tsx, /src/pages/SupervisorQueue.tsx, /src/pages/OrgDashboard.tsx, /src/components/EPAList.tsx, /src/components/Navbar.tsx, /src/components/ReflectionLog.tsx, /src/pages/EPADetail.tsx, /src/pages/LogbookPage.tsx, /src/pages/CRAEdit.tsx, /src/pages/SupervisorLinks.tsx, /src/pages/MyReflections.tsx, /src/pages/ForgotPassword.tsx, /src/pages/RegisterTerms.tsx, /src/pages/LogbookEditor.tsx, /src/pages/RegisterDetails.tsx, /src/pages/RegisterVerify.tsx, /src/pages/SectionB.tsx, /src/pages/RegisterSubscribe.tsx, /src/pages/UserProfile.tsx, /src/pages/SectionC.tsx, /src/pages/Dashboard.tsx, /src/pages/SectionA.tsx, /src/components/LoginForm.tsx, /src/components/LogbookEntryValidator.tsx, /src/components/InternshipValidationCard.tsx, /src/components/RegistrarSummaryCard.tsx, /src/components/EndorsementManagementModal.tsx, /src/index.css
10:39:54 AM [vite] (client) hmr update /src/components/EndorsementManagementModal.tsx, /src/index.css
10:40:03 AM [vite] (client) hmr update /src/components/EndorsementManagementModal.tsx, /src/index.css
10:40:15 AM [vite] (client) hmr update /src/components/EndorsementManagementModal.tsx, /src/index.css
10:40:15 AM [vite] (client) hmr update /src/components/EndorsementManagementModal.tsx, /src/index.css
10:40:23 AM [vite] (client) hmr update /src/components/EndorsementManagementModal.tsx, /src/index.css
10:40:23 AM [vite] (client) hmr update /src/components/EndorsementManagementModal.tsx, /src/index.css
10:40:31 AM [vite] (client) hmr update /src/components/EndorsementManagementModal.tsx, /src/index.css
10:40:40 AM [vite] (client) hmr update /src/components/EndorsementManagementModal.tsx, /src/index.css
10:41:09 AM [vite] (client) hmr update /src/App.tsx, /src/pages/SupervisorQueue.tsx, /src/pages/OrgDashboard.tsx, /src/components/EPAList.tsx, /src/components/Navbar.tsx, /src/components/ReflectionLog.tsx, /src/pages/EPADetail.tsx, /src/pages/LogbookPage.tsx, /src/pages/CRAEdit.tsx, /src/pages/SupervisorLinks.tsx, /src/pages/MyReflections.tsx, /src/pages/ForgotPassword.tsx, /src/pages/RegisterTerms.tsx, /src/pages/LogbookEditor.tsx, /src/pages/RegisterDetails.tsx, /src/pages/RegisterVerify.tsx, /src/pages/SectionB.tsx, /src/pages/RegisterSubscribe.tsx, /src/pages/UserProfile.tsx, /src/pages/SectionC.tsx, /src/pages/Dashboard.tsx, /src/pages/SectionA.tsx, /src/components/LoginForm.tsx, /src/components/LogbookEntryValidator.tsx, /src/components/InternshipValidationCard.tsx, /src/components/RegistrarSummaryCard.tsx, /src/components/EndorsementManagementModal.tsx, /src/index.css
10:41:09 AM [vite] (client) hmr update /src/components/EndorsementManagementModal.tsx, /src/index.css
10:54:21 AM [vite] (client) hmr update /src/components/EndorsementManagementModal.tsx, /src/index.css
10:54:28 AM [vite] (client) hmr update /src/components/EndorsementManagementModal.tsx, /src/index.css
10:54:28 AM [vite] (client) hmr update /src/components/EndorsementManagementModal.tsx, /src/index.css
10:54:46 AM [vite] (client) hmr update /src/components/EndorsementManagementModal.tsx, /src/index.css
11:53:48 AM [vite] (client) hmr update /src/components/EndorsementManagementModal.tsx, /src/index.css
11:53:59 AM [vite] (client) hmr update /src/components/EndorsementManagementModal.tsx, /src/index.css
11:54:07 AM [vite] (client) hmr update /src/components/EndorsementManagementModal.tsx, /src/index.css
11:58:47 AM [vite] (client) hmr update /src/components/EndorsementManagementModal.tsx, /src/index.css
11:58:53 AM [vite] (client) hmr update /src/components/EndorsementManagementModal.tsx, /src/index.css
11:58:59 AM [vite] (client) hmr update /src/components/EndorsementManagementModal.tsx, /src/index.css
11:59:05 AM [vite] (client) hmr update /src/components/EndorsementManagementModal.tsx, /src/index.css
11:59:16 AM [vite] (client) hmr update /src/components/EndorsementManagementModal.tsx, /src/index.css
12:04:32 PM [vite] (client) hmr update /src/pages/UserProfile.tsx, /src/index.css
12:04:50 PM [vite] (client) hmr update /src/pages/UserProfile.tsx, /src/index.css
12:04:57 PM [vite] (client) hmr update /src/pages/UserProfile.tsx, /src/index.css
12:05:13 PM [vite] (client) hmr update /src/pages/UserProfile.tsx, /src/index.css
12:05:30 PM [vite] (client) hmr update /src/pages/UserProfile.tsx, /src/index.css
12:07:43 PM [vite] (client) hmr update /src/pages/UserProfile.tsx, /src/index.css
12:07:51 PM [vite] (client) hmr update /src/pages/UserProfile.tsx, /src/index.css
12:07:51 PM [vite] (client) hmr update /src/pages/UserProfile.tsx, /src/index.css
12:07:58 PM [vite] (client) hmr update /src/pages/UserProfile.tsx, /src/index.css
12:08:14 PM [vite] (client) hmr update /src/pages/UserProfile.tsx, /src/index.css
12:08:29 PM [vite] (client) hmr update /src/pages/UserProfile.tsx, /src/index.css
12:08:36 PM [vite] (client) hmr update /src/pages/UserProfile.tsx, /src/index.css
12:22:15 PM [vite] (client) hmr update /src/App.tsx, /src/index.css
12:22:25 PM [vite] (client) hmr update /src/App.tsx, /src/index.css
12:22:37 PM [vite] (client) hmr update /src/components/Navbar.tsx, /src/index.css
12:22:51 PM [vite] (client) hmr update /src/App.tsx, /src/index.css
12:22:51 PM [vite] (client) hmr update /src/components/Navbar.tsx, /src/index.css
12:22:51 PM [vite] (client) hmr update /src/App.tsx, /src/index.css
12:22:51 PM [vite] (client) hmr update /src/components/Navbar.tsx, /src/index.css
12:25:49 PM [vite] (client) hmr update /src/pages/Dashboard.tsx, /src/index.css
12:25:58 PM [vite] (client) hmr update /src/pages/Dashboard.tsx, /src/index.css
12:26:10 PM [vite] (client) hmr update /src/pages/Dashboard.tsx, /src/index.css
12:26:11 PM [vite] (client) hmr update /src/pages/Dashboard.tsx, /src/index.css
12:26:24 PM [vite] (client) hmr update /src/pages/Dashboard.tsx, /src/index.css
12:28:52 PM [vite] (client) hmr update /src/App.tsx, /src/index.css
12:28:58 PM [vite] (client) hmr update /src/components/Navbar.tsx, /src/index.css
12:29:13 PM [vite] (client) hmr update /src/pages/Dashboard.tsx, /src/index.css
12:29:13 PM [vite] (client) hmr update /src/App.tsx, /src/index.css
12:29:13 PM [vite] (client) hmr update /src/components/Navbar.tsx, /src/index.css
12:45:04 PM [vite] (client) hmr update /src/pages/Dashboard.tsx, /src/index.css
12:45:16 PM [vite] (client) hmr update /src/pages/Dashboard.tsx, /src/index.css
12:45:16 PM [vite] (client) hmr update /src/pages/Dashboard.tsx, /src/index.css
12:45:24 PM [vite] (client) hmr update /src/pages/Dashboard.tsx, /src/index.css
12:45:24 PM [vite] (client) hmr update /src/pages/Dashboard.tsx, /src/index.css
12:45:30 PM [vite] (client) hmr update /src/App.tsx, /src/index.css
12:45:31 PM [vite] (client) hmr update /src/App.tsx, /src/index.css
12:45:40 PM [vite] (client) hmr update /src/pages/Dashboard.tsx, /src/index.css
12:45:40 PM [vite] (client) hmr update /src/pages/Dashboard.tsx, /src/index.css
12:45:46 PM [vite] (client) hmr update /src/App.tsx, /src/index.css
12:45:46 PM [vite] (client) hmr update /src/pages/Dashboard.tsx, /src/index.css
12:45:46 PM [vite] (client) hmr update /src/App.tsx, /src/index.css
12:55:10 PM [vite] (client) hmr update /src/pages/Dashboard.tsx, /src/index.css
12:55:10 PM [vite] (client) hmr update /src/pages/Dashboard.tsx, /src/index.css
12:55:17 PM [vite] (client) hmr update /src/pages/Dashboard.tsx, /src/index.css
12:55:44 PM [vite] (client) hmr update /src/pages/Dashboard.tsx, /src/index.css
12:58:18 PM [vite] (client) hmr update /src/pages/Dashboard.tsx, /src/index.css
12:59:06 PM [vite] (client) hmr update /src/components/ui/alert.tsx, /src/index.css
12:59:27 PM [vite] (client) hmr update /src/components/ui/alert.tsx, /src/index.css
1:04:12 PM [vite] (client) hmr update /src/pages/Dashboard.tsx, /src/index.css
1:04:42 PM [vite] (client) hmr update /src/App.tsx, /src/index.css
1:05:09 PM [vite] (client) hmr update /src/App.tsx, /src/index.css
1:05:09 PM [vite] (client) hmr update /src/pages/Dashboard.tsx, /src/index.css
1:24:36 PM [vite] (client) hmr update /src/components/ui/dialog.tsx, /src/index.css
1:24:45 PM [vite] (client) hmr update /src/components/ui/dialog.tsx, /src/index.css
1:25:39 PM [vite] (client) hmr update /src/components/ui/dialog.tsx, /src/index.css
1:25:39 PM [vite] (client) hmr update /src/components/ui/dialog.tsx, /src/index.css
1:27:20 PM [vite] (client) hmr update /src/components/ui/dialog.tsx, /src/index.css
1:27:31 PM [vite] (client) hmr update /src/components/ui/dialog.tsx, /src/index.css
1:28:51 PM [vite] (client) hmr update /src/components/ui/dialog.tsx, /src/index.css
1:56:58 PM [vite] (client) hmr update /src/pages/Dashboard.tsx, /src/index.css
1:56:58 PM [vite] (client) hmr update /src/pages/Dashboard.tsx, /src/index.css
1:57:06 PM [vite] (client) hmr update /src/pages/Dashboard.tsx, /src/index.css
1:57:06 PM [vite] (client) hmr update /src/pages/Dashboard.tsx, /src/index.css
1:57:13 PM [vite] (client) hmr update /src/components/Navbar.tsx, /src/index.css
1:57:13 PM [vite] (client) hmr update /src/components/Navbar.tsx, /src/index.css
1:57:21 PM [vite] (client) hmr update /src/pages/UserProfile.tsx, /src/index.css
1:57:31 PM [vite] (client) hmr update /src/pages/UserProfile.tsx, /src/index.css
1:57:39 PM [vite] (client) hmr update /src/pages/UserProfile.tsx, /src/index.css
1:57:39 PM [vite] (client) hmr update /src/pages/UserProfile.tsx, /src/index.css
1:57:47 PM [vite] (client) hmr update /src/pages/UserProfile.tsx, /src/index.css
1:57:57 PM [vite] (client) hmr update /src/pages/UserProfile.tsx, /src/index.css
1:58:07 PM [vite] (client) hmr update /src/pages/UserProfile.tsx, /src/index.css
1:58:07 PM [vite] (client) hmr update /src/pages/UserProfile.tsx, /src/index.css
1:58:16 PM [vite] (client) hmr update /src/pages/RegisterDetails.tsx, /src/index.css
1:58:23 PM [vite] (client) hmr update /src/index.css
1:58:31 PM [vite] (client) hmr update /src/index.css
1:58:39 PM [vite] (client) hmr update /src/index.css
1:58:47 PM [vite] (client) hmr update /src/index.css
2:00:50 PM [vite] (client) hmr update /src/pages/UserProfile.tsx, /src/index.css
2:00:58 PM [vite] (client) hmr update /src/pages/UserProfile.tsx, /src/index.css
2:01:07 PM [vite] (client) hmr update /src/pages/UserProfile.tsx, /src/index.css
2:01:07 PM [vite] (client) hmr update /src/pages/UserProfile.tsx, /src/index.css
2:01:15 PM [vite] (client) hmr update /src/pages/UserProfile.tsx, /src/index.css
2:03:02 PM [vite] (client) hmr update /src/pages/UserProfile.tsx, /src/index.css
2:03:09 PM [vite] (client) hmr update /src/pages/RegisterDetails.tsx, /src/index.css
2:03:15 PM [vite] (client) hmr update /src/pages/RegisterDetails.tsx, /src/index.css
2:03:41 PM [vite] (client) hmr update /src/pages/RegisterDetails.tsx, /src/index.css
2:03:47 PM [vite] (client) hmr update /src/pages/RegisterDetails.tsx, /src/index.css
2:03:56 PM [vite] (client) hmr update /src/pages/RegisterDetails.tsx, /src/index.css
2:04:02 PM [vite] (client) hmr update /src/pages/RegisterDetails.tsx, /src/index.css
2:04:09 PM [vite] (client) hmr update /src/pages/RegisterDetails.tsx, /src/index.css
2:04:15 PM [vite] (client) hmr update /src/pages/RegisterDetails.tsx, /src/index.css
2:04:34 PM [vite] (client) hmr update /src/components/Navbar.tsx, /src/index.css
2:04:34 PM [vite] (client) hmr update /src/pages/RegisterDetails.tsx, /src/index.css
2:04:34 PM [vite] (client) hmr update /src/pages/Dashboard.tsx, /src/index.css
2:04:34 PM [vite] (client) hmr update /src/index.css
2:04:34 PM [vite] (client) hmr update /src/pages/UserProfile.tsx, /src/index.css
2:19:55 PM [vite] (client) hmr update /src/pages/Dashboard.tsx, /src/index.css
2:20:02 PM [vite] (client) hmr update /src/pages/Dashboard.tsx, /src/index.css
2:20:10 PM [vite] (client) hmr update /src/pages/Dashboard.tsx, /src/index.css
2:22:00 PM [vite] (client) hmr update /src/pages/Dashboard.tsx, /src/index.css
2:47:46 PM [vite] (client) hmr update /src/App.tsx, /src/index.css
2:47:53 PM [vite] (client) hmr update /src/App.tsx, /src/index.css
2:54:24 PM [vite] (client) hmr update /src/App.tsx, /src/index.css
3:33:04 PM [vite] (client) hmr update /src/pages/LogbookPage.tsx, /src/index.css
3:33:15 PM [vite] (client) hmr update /src/pages/LogbookPage.tsx, /src/index.css
3:33:32 PM [vite] (client) hmr update /src/pages/LogbookPage.tsx, /src/index.css
3:39:17 PM [vite] (client) hmr update /src/index.css
3:39:25 PM [vite] (client) hmr update /src/index.css
3:39:35 PM [vite] (client) hmr update /src/index.css
3:46:35 PM [vite] (client) hmr update /src/pages/LogbookPage.tsx, /src/index.css
3:47:00 PM [vite] (client) hmr update /src/pages/LogbookPage.tsx, /src/index.css
3:47:18 PM [vite] (client) hmr update /src/pages/LogbookPage.tsx, /src/index.css
3:47:21 PM [vite] (client) hmr update /src/pages/LogbookPage.tsx, /src/index.css
3:56:13 PM [vite] (client) hmr update /src/pages/LogbookPage.tsx, /src/index.css
3:56:20 PM [vite] (client) hmr update /src/pages/LogbookPage.tsx, /src/index.css
3:56:25 PM [vite] (client) hmr update /src/pages/LogbookPage.tsx, /src/index.css
7:14:38 PM [vite] (client) hmr update /src/App.tsx, /src/index.css
7:14:56 PM [vite] (client) hmr update /src/App.tsx, /src/index.css
9:33:23 AM [vite] (client) hmr update /src/components/ui/calendar.tsx, /src/index.css
9:33:23 AM [vite] (client) hmr update /src/components/LoginForm.tsx, /src/index.css
9:33:23 AM [vite] (client) hmr update /src/components/ui/radio-group.tsx, /src/index.css
9:33:23 AM [vite] (client) hmr update /src/components/ui/radio-group.tsx, /src/index.css
9:33:23 AM [vite] (client) hmr update /src/components/ui/popover.tsx, /src/index.css
9:33:23 AM [vite] (client) hmr update /src/components/ui/popover.tsx, /src/index.css
9:33:23 AM [vite] (client) hmr update /src/components/ui/label.tsx, /src/index.css
9:33:23 AM [vite] (client) hmr update /src/components/ui/label.tsx, /src/index.css
9:33:24 AM [vite] (client) hmr update /src/components/ui/select.tsx, /src/index.css
9:33:24 AM [vite] (client) hmr update /src/components/ui/checkbox.tsx, /src/index.css
9:33:27 AM [vite] (client) hmr update /src/pages/LoginPage.tsx, /src/index.css
9:33:27 AM [vite] (client) hmr update /src/pages/LoginPage.tsx, /src/index.css
9:33:28 AM [vite] (client) hmr update /src/pages/ForgotPassword.tsx, /src/index.css
9:33:28 AM [vite] (client) hmr update /src/pages/ForgotPassword.tsx, /src/index.css
9:33:28 AM [vite] (client) hmr update /src/pages/RegisterTerms.tsx, /src/index.css
9:33:28 AM [vite] (client) hmr update /src/pages/RegisterTerms.tsx, /src/index.css
9:33:29 AM [vite] (client) hmr update /src/pages/RegisterVerify.tsx, /src/index.css
9:33:29 AM [vite] (client) hmr update /src/pages/RegisterVerify.tsx, /src/index.css
9:33:30 AM [vite] (client) hmr update /src/pages/RegisterSubscribe.tsx, /src/index.css
9:33:30 AM [vite] (client) hmr update /src/pages/RegisterSubscribe.tsx, /src/index.css
9:33:33 AM [vite] (client) hmr update /src/components/ui/progress.tsx, /src/index.css
9:33:33 AM [vite] (client) hmr update /src/components/ui/progress.tsx, /src/index.css
9:33:33 AM [vite] (client) hmr update /src/components/LogbookEntryValidator.tsx, /src/index.css
9:33:33 AM [vite] (client) hmr update /src/pages/SectionA.tsx, /src/index.css
9:33:33 AM [vite] (client) hmr update /src/pages/SectionA.tsx, /src/index.css
9:33:33 AM [vite] (client) hmr update /src/pages/SectionA.tsx, /src/components/LogbookEntryValidator.tsx, /src/components/InternshipValidationCard.tsx, /src/index.css
9:33:33 AM [vite] (client) hmr update /src/components/InternshipValidationCard.tsx, /src/index.css
9:33:33 AM [vite] (client) hmr update /src/components/InternshipValidationCard.tsx, /src/index.css
9:33:33 AM [vite] (client) hmr update /src/index.css
9:33:34 AM [vite] (client) hmr update /src/index.css, /src/components/RegistrarSummaryCard.tsx
9:33:34 AM [vite] (client) hmr update /src/components/ui/badge.tsx, /src/index.css
9:33:34 AM [vite] (client) hmr update /src/index.css, /src/pages/RegisterDetails.tsx, /src/components/CitySelect.tsx, /src/pages/UserProfile.tsx
9:33:34 AM [vite] (client) hmr update /src/index.css, /src/components/CitySelect.tsx
9:33:34 AM [vite] (client) hmr update /src/App.tsx, /src/pages/SupervisorQueue.tsx, /src/pages/OrgDashboard.tsx, /src/components/EPAList.tsx, /src/components/Navbar.tsx, /src/components/ReflectionLog.tsx, /src/pages/EPADetail.tsx, /src/pages/LogbookPage.tsx, /src/pages/CRAEdit.tsx, /src/pages/SupervisorLinks.tsx, /src/pages/MyReflections.tsx, /src/pages/ForgotPassword.tsx, /src/pages/RegisterTerms.tsx, /src/pages/LogbookEditor.tsx, /src/pages/RegisterDetails.tsx, /src/pages/RegisterVerify.tsx, /src/pages/SectionB.tsx, /src/pages/RegisterSubscribe.tsx, /src/pages/UserProfile.tsx, /src/pages/SectionC.tsx, /src/pages/Dashboard.tsx, /src/pages/SectionA.tsx, /src/components/LoginForm.tsx, /src/components/LogbookEntryValidator.tsx, /src/components/InternshipValidationCard.tsx, /src/components/RegistrarSummaryCard.tsx, /src/components/EndorsementManagementModal.tsx, /src/index.css
9:33:34 AM [vite] (client) hmr update /src/components/EndorsementManagementModal.tsx, /src/index.css
9:33:34 AM [vite] (client) hmr update /src/components/ui/alert.tsx, /src/index.css
9:33:34 AM [vite] (client) hmr update /src/components/ui/dialog.tsx, /src/index.css
9:33:34 AM [vite] (client) hmr update /src/components/Navbar.tsx, /src/index.css
9:33:34 AM [vite] (client) hmr update /src/index.css
9:33:34 AM [vite] (client) hmr update /src/pages/UserProfile.tsx, /src/index.css
9:33:34 AM [vite] (client) hmr update /src/pages/RegisterDetails.tsx, /src/index.css
9:33:35 AM [vite] (client) hmr update /src/pages/Dashboard.tsx, /src/index.css
9:33:35 AM [vite] (client) hmr update /src/index.css
9:33:35 AM [vite] (client) hmr update /src/pages/LogbookPage.tsx, /src/index.css
9:33:35 AM [vite] (client) hmr update /src/App.tsx, /src/index.css
9:58:48 AM [vite] (client) hmr update /src/App.tsx, /src/index.css
9:59:09 AM [vite] (client) hmr update /src/App.tsx, /src/index.css
9:59:27 AM [vite] (client) hmr update /src/App.tsx, /src/index.css
10:00:23 AM [vite] (client) hmr update /src/components/Navbar.tsx, /src/index.css
10:00:37 AM [vite] (client) hmr update /src/components/Navbar.tsx, /src/index.css
10:00:54 AM [vite] (client) hmr update /src/components/Navbar.tsx, /src/index.css
10:25:03 AM [vite] (client) hmr update /src/components/Navbar.tsx, /src/index.css
10:25:12 AM [vite] (client) hmr update /src/components/Navbar.tsx, /src/index.css
10:25:20 AM [vite] (client) hmr update /src/pages/LoginPage.tsx, /src/index.css
10:25:31 AM [vite] (client) hmr update /src/pages/RegisterTerms.tsx, /src/index.css
10:25:43 AM [vite] (client) hmr update /src/pages/RegisterTerms.tsx, /src/index.css
10:25:57 AM [vite] (client) hmr update /src/pages/RegisterTerms.tsx, /src/index.css
10:26:07 AM [vite] (client) hmr update /src/pages/RegisterTerms.tsx, /src/index.css
10:26:15 AM [vite] (client) hmr update /src/pages/RegisterTerms.tsx, /src/index.css
10:28:16 AM [vite] (client) hmr update /src/pages/UserProfile.tsx, /src/index.css
10:28:26 AM [vite] (client) hmr update /src/App.css, /node_modules/react-day-picker/src/style.css, /src/index.css
10:28:38 AM [vite] (client) hmr update /src/components/LoginForm.tsx, /src/index.css
10:28:38 AM [vite] (client) hmr update /src/components/LoginForm.tsx, /src/index.css
10:28:48 AM [vite] (client) hmr update /src/index.css
10:28:48 AM [vite] (client) hmr update /src/index.css
10:28:58 AM [vite] (client) hmr update /src/components/ReflectionLog.tsx, /src/index.css
10:29:08 AM [vite] (client) hmr update /src/components/EPACard.tsx, /src/index.css
10:29:18 AM [vite] (client) hmr update /src/pages/MyReflections.tsx, /src/index.css
10:29:29 AM [vite] (client) hmr update /src/pages/OrgDashboard.tsx, /src/index.css
10:29:29 AM [vite] (client) hmr update /src/pages/OrgDashboard.tsx, /src/index.css
10:29:39 AM [vite] (client) hmr update /src/pages/EPADetail.tsx, /src/index.css
10:29:50 AM [vite] (client) hmr update /src/pages/SupervisorLinks.tsx, /src/index.css
10:30:01 AM [vite] (client) hmr update /src/pages/SupervisorQueue.tsx, /src/index.css
10:30:01 AM [vite] (client) hmr update /src/pages/SupervisorQueue.tsx, /src/index.css
10:33:13 AM [vite] (client) hmr update /src/components/Navbar.tsx, /src/index.css
10:33:13 AM [vite] (client) hmr update /src/pages/LoginPage.tsx, /src/index.css
10:33:13 AM [vite] (client) hmr update /src/pages/UserProfile.tsx, /src/index.css
10:33:13 AM [vite] (client) hmr update /src/pages/RegisterTerms.tsx, /src/index.css
10:33:13 AM [vite] (client) hmr update /src/components/LoginForm.tsx, /src/index.css
10:33:13 AM [vite] (client) hmr update /src/index.css
10:33:13 AM [vite] (client) hmr update /src/components/ReflectionLog.tsx, /src/index.css
10:33:13 AM [vite] (client) hmr update /src/components/EPACard.tsx, /src/index.css
10:33:13 AM [vite] (client) hmr update /src/pages/EPADetail.tsx, /src/index.css
10:33:13 AM [vite] (client) hmr update /src/pages/OrgDashboard.tsx, /src/index.css
10:33:13 AM [vite] (client) hmr update /src/pages/SupervisorQueue.tsx, /src/index.css
10:33:13 AM [vite] (client) hmr update /src/pages/SupervisorLinks.tsx, /src/index.css
10:33:13 AM [vite] (client) hmr update /src/App.css, /node_modules/react-day-picker/src/style.css, /src/index.css
10:33:13 AM [vite] (client) hmr update /src/pages/MyReflections.tsx, /src/index.css
11:49:22 AM [vite] (client) page reload index.html
11:49:26 AM [vite] (client) page reload index.html
2:47:54 PM [vite] (client) page reload index.html
