Watching for file changes with StatReloader
/Users/macdemac/Local Sites/CAPE/backend/api/models.py changed, reloading.
Performing system checks...

System check identified no issues (0 silenced).
September 18, 2025 - 09:39:52
Django version 5.1.2, using settings 'config.settings'
Starting development server at http://0.0.0.0:8000/
Quit the server with CONTROL-C.

Watching for file changes with StatReloader
/Users/macdemac/Local Sites/CAPE/backend/config/settings.py changed, reloading.
Performing system checks...

System check identified no issues (0 silenced).
September 18, 2025 - 20:18:09
Django version 5.1.2, using settings 'config.settings'
Starting development server at http://0.0.0.0:8000/
Quit the server with CONTROL-C.

Watching for file changes with StatReloader
/Users/macdemac/Local Sites/CAPE/backend/api/views.py changed, reloading.
Performing system checks...

System check identified no issues (0 silenced).
September 18, 2025 - 20:18:27
Django version 5.1.2, using settings 'config.settings'
Starting development server at http://0.0.0.0:8000/
Quit the server with CONTROL-C.

Watching for file changes with StatReloader
/Users/macdemac/Local Sites/CAPE/backend/api/views.py changed, reloading.
Performing system checks...

System check identified no issues (0 silenced).
September 18, 2025 - 20:18:51
Django version 5.1.2, using settings 'config.settings'
Starting development server at http://0.0.0.0:8000/
Quit the server with CONTROL-C.

Watching for file changes with StatReloader
/Users/macdemac/Local Sites/CAPE/backend/api/urls.py changed, reloading.
Performing system checks...

System check identified no issues (0 silenced).
September 18, 2025 - 20:19:29
Django version 5.1.2, using settings 'config.settings'
Starting development server at http://0.0.0.0:8000/
Quit the server with CONTROL-C.

Watching for file changes with StatReloader
/Users/macdemac/Local Sites/CAPE/backend/api/urls.py changed, reloading.
Performing system checks...

System check identified no issues (0 silenced).
September 18, 2025 - 20:19:40
Django version 5.1.2, using settings 'config.settings'
Starting development server at http://0.0.0.0:8000/
Quit the server with CONTROL-C.

Watching for file changes with StatReloader
/Users/macdemac/Local Sites/CAPE/backend/api/urls.py changed, reloading.
Performing system checks...

System check identified no issues (0 silenced).
September 18, 2025 - 20:19:47
Django version 5.1.2, using settings 'config.settings'
Starting development server at http://0.0.0.0:8000/
Quit the server with CONTROL-C.

Watching for file changes with StatReloader
/Users/macdemac/Local Sites/CAPE/backend/api/serializers.py changed, reloading.
Performing system checks...

System check identified no issues (0 silenced).
September 18, 2025 - 20:22:57
Django version 5.1.2, using settings 'config.settings'
Starting development server at http://0.0.0.0:8000/
Quit the server with CONTROL-C.

Watching for file changes with StatReloader
/Users/macdemac/Local Sites/CAPE/backend/api/serializers.py changed, reloading.
Performing system checks...

System check identified no issues (0 silenced).
September 18, 2025 - 20:28:09
Django version 5.1.2, using settings 'config.settings'
Starting development server at http://0.0.0.0:8000/
Quit the server with CONTROL-C.

Watching for file changes with StatReloader
/Users/macdemac/Local Sites/CAPE/backend/api/serializers.py changed, reloading.
Performing system checks...

System check identified no issues (0 silenced).
September 18, 2025 - 20:28:41
Django version 5.1.2, using settings 'config.settings'
Starting development server at http://0.0.0.0:8000/
Quit the server with CONTROL-C.

Watching for file changes with StatReloader
/Users/macdemac/Local Sites/CAPE/backend/api/views.py changed, reloading.
Performing system checks...

System check identified no issues (0 silenced).
September 18, 2025 - 20:38:08
Django version 5.1.2, using settings 'config.settings'
Starting development server at http://0.0.0.0:8000/
Quit the server with CONTROL-C.

Watching for file changes with StatReloader
/Users/macdemac/Local Sites/CAPE/backend/api/views.py changed, reloading.
Performing system checks...

System check identified no issues (0 silenced).
September 18, 2025 - 20:39:13
Django version 5.1.2, using settings 'config.settings'
Starting development server at http://0.0.0.0:8000/
Quit the server with CONTROL-C.

Watching for file changes with StatReloader
/Users/macdemac/Local Sites/CAPE/backend/api/views.py changed, reloading.
Performing system checks...

System check identified no issues (0 silenced).
September 18, 2025 - 20:39:23
Django version 5.1.2, using settings 'config.settings'
Starting development server at http://0.0.0.0:8000/
Quit the server with CONTROL-C.

Watching for file changes with StatReloader
/Users/macdemac/Local Sites/CAPE/backend/api/views.py changed, reloading.
Performing system checks...

System check identified no issues (0 silenced).
September 18, 2025 - 20:39:35
Django version 5.1.2, using settings 'config.settings'
Starting development server at http://0.0.0.0:8000/
Quit the server with CONTROL-C.

Watching for file changes with StatReloader
/Users/macdemac/Local Sites/CAPE/backend/api/views.py changed, reloading.
Performing system checks...

System check identified no issues (0 silenced).
September 18, 2025 - 20:39:46
Django version 5.1.2, using settings 'config.settings'
Starting development server at http://0.0.0.0:8000/
Quit the server with CONTROL-C.

Watching for file changes with StatReloader
/Users/macdemac/Local Sites/CAPE/backend/api/models.py changed, reloading.
Performing system checks...

System check identified no issues (0 silenced).
September 18, 2025 - 20:40:01
Django version 5.1.2, using settings 'config.settings'
Starting development server at http://0.0.0.0:8000/
Quit the server with CONTROL-C.

Watching for file changes with StatReloader
/Users/macdemac/Local Sites/CAPE/backend/api/serializers.py changed, reloading.
Performing system checks...

System check identified no issues (0 silenced).
September 18, 2025 - 20:46:32
Django version 5.1.2, using settings 'config.settings'
Starting development server at http://0.0.0.0:8000/
Quit the server with CONTROL-C.

Watching for file changes with StatReloader
/Users/macdemac/Local Sites/CAPE/backend/api/serializers.py changed, reloading.
Performing system checks...

System check identified no issues (0 silenced).
September 18, 2025 - 20:46:39
Django version 5.1.2, using settings 'config.settings'
Starting development server at http://0.0.0.0:8000/
Quit the server with CONTROL-C.

Watching for file changes with StatReloader
/Users/macdemac/Local Sites/CAPE/backend/api/views.py changed, reloading.
Performing system checks...

System check identified no issues (0 silenced).
September 18, 2025 - 20:47:06
Django version 5.1.2, using settings 'config.settings'
Starting development server at http://0.0.0.0:8000/
Quit the server with CONTROL-C.

Watching for file changes with StatReloader
/Users/macdemac/Local Sites/CAPE/backend/api/views.py changed, reloading.
Performing system checks...

System check identified no issues (0 silenced).
September 18, 2025 - 21:04:24
Django version 5.1.2, using settings 'config.settings'
Starting development server at http://0.0.0.0:8000/
Quit the server with CONTROL-C.

Watching for file changes with StatReloader
/Users/macdemac/Local Sites/CAPE/backend/api/views.py changed, reloading.
Performing system checks...

System check identified no issues (0 silenced).
September 18, 2025 - 21:04:51
Django version 5.1.2, using settings 'config.settings'
Starting development server at http://0.0.0.0:8000/
Quit the server with CONTROL-C.

Watching for file changes with StatReloader
/Users/macdemac/Local Sites/CAPE/backend/api/serializers.py changed, reloading.
Performing system checks...

System check identified no issues (0 silenced).
September 18, 2025 - 21:47:07
Django version 5.1.2, using settings 'config.settings'
Starting development server at http://0.0.0.0:8000/
Quit the server with CONTROL-C.

Watching for file changes with StatReloader
/Users/macdemac/Local Sites/CAPE/backend/api/views.py changed, reloading.
Performing system checks...

System check identified no issues (0 silenced).
September 18, 2025 - 21:47:19
Django version 5.1.2, using settings 'config.settings'
Starting development server at http://0.0.0.0:8000/
Quit the server with CONTROL-C.

Watching for file changes with StatReloader
/Users/macdemac/Local Sites/CAPE/backend/api/serializers.py changed, reloading.
Performing system checks...

System check identified no issues (0 silenced).
September 18, 2025 - 21:47:29
Django version 5.1.2, using settings 'config.settings'
Starting development server at http://0.0.0.0:8000/
Quit the server with CONTROL-C.

Watching for file changes with StatReloader
/Users/macdemac/Local Sites/CAPE/backend/api/views.py changed, reloading.
Performing system checks...

System check identified no issues (0 silenced).
September 18, 2025 - 22:02:44
Django version 5.1.2, using settings 'config.settings'
Starting development server at http://0.0.0.0:8000/
Quit the server with CONTROL-C.

Watching for file changes with StatReloader
/Users/macdemac/Local Sites/CAPE/backend/api/views.py changed, reloading.
Performing system checks...

System check identified no issues (0 silenced).
September 18, 2025 - 22:02:55
Django version 5.1.2, using settings 'config.settings'
Starting development server at http://0.0.0.0:8000/
Quit the server with CONTROL-C.

Watching for file changes with StatReloader
/Users/macdemac/Local Sites/CAPE/backend/api/views.py changed, reloading.
Performing system checks...

System check identified no issues (0 silenced).
September 18, 2025 - 22:03:15
Django version 5.1.2, using settings 'config.settings'
Starting development server at http://0.0.0.0:8000/
Quit the server with CONTROL-C.

Watching for file changes with StatReloader
/Users/macdemac/Local Sites/CAPE/backend/api/serializers.py changed, reloading.
Performing system checks...

System check identified no issues (0 silenced).
September 18, 2025 - 22:05:36
Django version 5.1.2, using settings 'config.settings'
Starting development server at http://0.0.0.0:8000/
Quit the server with CONTROL-C.

Watching for file changes with StatReloader
/Users/macdemac/Local Sites/CAPE/backend/api/views.py changed, reloading.
Performing system checks...

System check identified no issues (0 silenced).
September 18, 2025 - 22:05:47
Django version 5.1.2, using settings 'config.settings'
Starting development server at http://0.0.0.0:8000/
Quit the server with CONTROL-C.

Watching for file changes with StatReloader
/Users/macdemac/Local Sites/CAPE/backend/api/models.py changed, reloading.
Performing system checks...

System check identified no issues (0 silenced).
September 18, 2025 - 22:06:04
Django version 5.1.2, using settings 'config.settings'
Starting development server at http://0.0.0.0:8000/
Quit the server with CONTROL-C.

Watching for file changes with StatReloader
/Users/macdemac/Local Sites/CAPE/backend/api/serializers.py changed, reloading.
Performing system checks...

System check identified no issues (0 silenced).
September 18, 2025 - 22:20:56
Django version 5.1.2, using settings 'config.settings'
Starting development server at http://0.0.0.0:8000/
Quit the server with CONTROL-C.

Watching for file changes with StatReloader
Exception in thread django-main-thread:
Traceback (most recent call last):
  File "/opt/homebrew/Cellar/python@3.13/3.13.3_1/Frameworks/Python.framework/Versions/3.13/lib/python3.13/threading.py", line 1041, in _bootstrap_inner
    self.run()
    ~~~~~~~~^^
  File "/opt/homebrew/Cellar/python@3.13/3.13.3_1/Frameworks/Python.framework/Versions/3.13/lib/python3.13/threading.py", line 992, in run
    self._target(*self._args, **self._kwargs)
    ~~~~~~~~~~~~^^^^^^^^^^^^^^^^^^^^^^^^^^^^^
  File "/Users/macdemac/Local Sites/CAPE/backend/.venv/lib/python3.13/site-packages/django/utils/autoreload.py", line 64, in wrapper
    fn(*args, **kwargs)
    ~~^^^^^^^^^^^^^^^^^
  File "/Users/macdemac/Local Sites/CAPE/backend/.venv/lib/python3.13/site-packages/django/core/management/commands/runserver.py", line 134, in inner_run
    self.check(display_num_errors=True)
    ~~~~~~~~~~^^^^^^^^^^^^^^^^^^^^^^^^^
  File "/Users/macdemac/Local Sites/CAPE/backend/.venv/lib/python3.13/site-packages/django/core/management/base.py", line 486, in check
    all_issues = checks.run_checks(
        app_configs=app_configs,
    ...<2 lines>...
        databases=databases,
    )
  File "/Users/macdemac/Local Sites/CAPE/backend/.venv/lib/python3.13/site-packages/django/core/checks/registry.py", line 88, in run_checks
    new_errors = check(app_configs=app_configs, databases=databases)
  File "/Users/macdemac/Local Sites/CAPE/backend/.venv/lib/python3.13/site-packages/django/core/checks/urls.py", line 16, in check_url_config
    return check_resolver(resolver)
  File "/Users/macdemac/Local Sites/CAPE/backend/.venv/lib/python3.13/site-packages/django/core/checks/urls.py", line 26, in check_resolver
    return check_method()
  File "/Users/macdemac/Local Sites/CAPE/backend/.venv/lib/python3.13/site-packages/django/urls/resolvers.py", line 531, in check
    for pattern in self.url_patterns:
                   ^^^^^^^^^^^^^^^^^
  File "/Users/macdemac/Local Sites/CAPE/backend/.venv/lib/python3.13/site-packages/django/utils/functional.py", line 47, in __get__
    res = instance.__dict__[self.name] = self.func(instance)
                                         ~~~~~~~~~^^^^^^^^^^
  File "/Users/macdemac/Local Sites/CAPE/backend/.venv/lib/python3.13/site-packages/django/urls/resolvers.py", line 718, in url_patterns
    patterns = getattr(self.urlconf_module, "urlpatterns", self.urlconf_module)
                       ^^^^^^^^^^^^^^^^^^^
  File "/Users/macdemac/Local Sites/CAPE/backend/.venv/lib/python3.13/site-packages/django/utils/functional.py", line 47, in __get__
    res = instance.__dict__[self.name] = self.func(instance)
                                         ~~~~~~~~~^^^^^^^^^^
  File "/Users/macdemac/Local Sites/CAPE/backend/.venv/lib/python3.13/site-packages/django/urls/resolvers.py", line 711, in urlconf_module
    return import_module(self.urlconf_name)
  File "/opt/homebrew/Cellar/python@3.13/3.13.3_1/Frameworks/Python.framework/Versions/3.13/lib/python3.13/importlib/__init__.py", line 88, in import_module
    return _bootstrap._gcd_import(name[level:], package, level)
           ~~~~~~~~~~~~~~~~~~~~~~^^^^^^^^^^^^^^^^^^^^^^^^^^^^^^
  File "<frozen importlib._bootstrap>", line 1387, in _gcd_import
  File "<frozen importlib._bootstrap>", line 1360, in _find_and_load
  File "<frozen importlib._bootstrap>", line 1331, in _find_and_load_unlocked
  File "<frozen importlib._bootstrap>", line 935, in _load_unlocked
  File "<frozen importlib._bootstrap_external>", line 1026, in exec_module
  File "<frozen importlib._bootstrap>", line 488, in _call_with_frames_removed
  File "/Users/macdemac/Local Sites/CAPE/backend/config/urls.py", line 26, in <module>
    path('api/', include('api.urls')),
                 ~~~~~~~^^^^^^^^^^^^
  File "/Users/macdemac/Local Sites/CAPE/backend/.venv/lib/python3.13/site-packages/django/urls/conf.py", line 39, in include
    urlconf_module = import_module(urlconf_module)
  File "/opt/homebrew/Cellar/python@3.13/3.13.3_1/Frameworks/Python.framework/Versions/3.13/lib/python3.13/importlib/__init__.py", line 88, in import_module
    return _bootstrap._gcd_import(name[level:], package, level)
           ~~~~~~~~~~~~~~~~~~~~~~^^^^^^^^^^^^^^^^^^^^^^^^^^^^^^
  File "<frozen importlib._bootstrap>", line 1387, in _gcd_import
  File "<frozen importlib._bootstrap>", line 1360, in _find_and_load
  File "<frozen importlib._bootstrap>", line 1331, in _find_and_load_unlocked
  File "<frozen importlib._bootstrap>", line 935, in _load_unlocked
  File "<frozen importlib._bootstrap_external>", line 1026, in exec_module
  File "<frozen importlib._bootstrap>", line 488, in _call_with_frames_removed
  File "/Users/macdemac/Local Sites/CAPE/backend/api/urls.py", line 2, in <module>
    from .views import health, user_profile, me, password_reset_request, password_reset_confirm, register_terms_agree, register_details_submit, register_verify_code, register_complete, program_summary
  File "/Users/macdemac/Local Sites/CAPE/backend/api/views.py", line 8, in <module>
    from .serializers import UserProfileSerializer
  File "/Users/macdemac/Local Sites/CAPE/backend/api/serializers.py", line 78, in <module>
    class MessageSerializer(serializers.ModelSerializer):
    ...<9 lines>...
            read_only_fields = ['sender', 'created_at', 'read_at']
  File "/Users/macdemac/Local Sites/CAPE/backend/api/serializers.py", line 82, in MessageSerializer
    class Meta:
    ...<5 lines>...
        read_only_fields = ['sender', 'created_at', 'read_at']
  File "/Users/macdemac/Local Sites/CAPE/backend/api/serializers.py", line 83, in Meta
    model = Message
            ^^^^^^^
NameError: name 'Message' is not defined
/Users/macdemac/Local Sites/CAPE/backend/api/serializers.py changed, reloading.
Performing system checks...

Watching for file changes with StatReloader
/Users/macdemac/Local Sites/CAPE/backend/api/views.py changed, reloading.
Performing system checks...

System check identified no issues (0 silenced).
September 18, 2025 - 22:21:29
Django version 5.1.2, using settings 'config.settings'
Starting development server at http://0.0.0.0:8000/
Quit the server with CONTROL-C.

Watching for file changes with StatReloader
/Users/macdemac/Local Sites/CAPE/backend/api/views.py changed, reloading.
Performing system checks...

System check identified no issues (0 silenced).
September 18, 2025 - 22:21:57
Django version 5.1.2, using settings 'config.settings'
Starting development server at http://0.0.0.0:8000/
Quit the server with CONTROL-C.

Watching for file changes with StatReloader
/Users/macdemac/Local Sites/CAPE/backend/api/urls.py changed, reloading.
Performing system checks...

System check identified no issues (0 silenced).
September 18, 2025 - 22:22:11
Django version 5.1.2, using settings 'config.settings'
Starting development server at http://0.0.0.0:8000/
Quit the server with CONTROL-C.

Watching for file changes with StatReloader
/Users/macdemac/Local Sites/CAPE/backend/api/urls.py changed, reloading.
Performing system checks...

System check identified no issues (0 silenced).
September 18, 2025 - 22:22:25
Django version 5.1.2, using settings 'config.settings'
Starting development server at http://0.0.0.0:8000/
Quit the server with CONTROL-C.

Watching for file changes with StatReloader
/Users/macdemac/Local Sites/CAPE/backend/api/views.py changed, reloading.
Performing system checks...

System check identified no issues (0 silenced).
September 18, 2025 - 22:22:35
Django version 5.1.2, using settings 'config.settings'
Starting development server at http://0.0.0.0:8000/
Quit the server with CONTROL-C.

Watching for file changes with StatReloader
/Users/macdemac/Local Sites/CAPE/backend/api/models.py changed, reloading.
Performing system checks...

System check identified no issues (0 silenced).
September 18, 2025 - 22:22:53
Django version 5.1.2, using settings 'config.settings'
Starting development server at http://0.0.0.0:8000/
Quit the server with CONTROL-C.

Watching for file changes with StatReloader
/Users/macdemac/Local Sites/CAPE/backend/api/models.py changed, reloading.
Performing system checks...

System check identified no issues (0 silenced).
September 18, 2025 - 22:24:10
Django version 5.1.2, using settings 'config.settings'
Starting development server at http://0.0.0.0:8000/
Quit the server with CONTROL-C.

Watching for file changes with StatReloader
/Users/macdemac/Local Sites/CAPE/backend/api/serializers.py changed, reloading.
Performing system checks...

System check identified no issues (0 silenced).
September 18, 2025 - 22:26:35
Django version 5.1.2, using settings 'config.settings'
Starting development server at http://0.0.0.0:8000/
Quit the server with CONTROL-C.

Watching for file changes with StatReloader
/Users/macdemac/Local Sites/CAPE/backend/api/serializers.py changed, reloading.
Performing system checks...

System check identified no issues (0 silenced).
September 18, 2025 - 22:26:47
Django version 5.1.2, using settings 'config.settings'
Starting development server at http://0.0.0.0:8000/
Quit the server with CONTROL-C.

Watching for file changes with StatReloader
/Users/macdemac/Local Sites/CAPE/backend/api/views.py changed, reloading.
Performing system checks...

System check identified no issues (0 silenced).
September 18, 2025 - 22:26:57
Django version 5.1.2, using settings 'config.settings'
Starting development server at http://0.0.0.0:8000/
Quit the server with CONTROL-C.

Watching for file changes with StatReloader
/Users/macdemac/Local Sites/CAPE/backend/api/views.py changed, reloading.
Performing system checks...

System check identified no issues (0 silenced).
September 18, 2025 - 22:27:05
Django version 5.1.2, using settings 'config.settings'
Starting development server at http://0.0.0.0:8000/
Quit the server with CONTROL-C.

Watching for file changes with StatReloader
/Users/macdemac/Local Sites/CAPE/backend/api/views.py changed, reloading.
Performing system checks...

System check identified no issues (0 silenced).
September 18, 2025 - 22:27:31
Django version 5.1.2, using settings 'config.settings'
Starting development server at http://0.0.0.0:8000/
Quit the server with CONTROL-C.

Watching for file changes with StatReloader
/Users/macdemac/Local Sites/CAPE/backend/api/urls.py changed, reloading.
Performing system checks...

System check identified no issues (0 silenced).
September 18, 2025 - 22:27:45
Django version 5.1.2, using settings 'config.settings'
Starting development server at http://0.0.0.0:8000/
Quit the server with CONTROL-C.

Watching for file changes with StatReloader
/Users/macdemac/Local Sites/CAPE/backend/api/urls.py changed, reloading.
Performing system checks...

System check identified no issues (0 silenced).
September 18, 2025 - 22:28:00
Django version 5.1.2, using settings 'config.settings'
Starting development server at http://0.0.0.0:8000/
Quit the server with CONTROL-C.

Watching for file changes with StatReloader
/Users/macdemac/Local Sites/CAPE/backend/api/views.py changed, reloading.
Performing system checks...

System check identified no issues (0 silenced).
September 18, 2025 - 22:28:11
Django version 5.1.2, using settings 'config.settings'
Starting development server at http://0.0.0.0:8000/
Quit the server with CONTROL-C.

Watching for file changes with StatReloader
/Users/macdemac/Local Sites/CAPE/backend/api/views.py changed, reloading.
Performing system checks...

System check identified no issues (0 silenced).
September 18, 2025 - 22:29:19
Django version 5.1.2, using settings 'config.settings'
Starting development server at http://0.0.0.0:8000/
Quit the server with CONTROL-C.

Watching for file changes with StatReloader
/Users/macdemac/Local Sites/CAPE/backend/api/models.py changed, reloading.
Performing system checks...

System check identified no issues (0 silenced).
September 18, 2025 - 22:30:42
Django version 5.1.2, using settings 'config.settings'
Starting development server at http://0.0.0.0:8000/
Quit the server with CONTROL-C.

Watching for file changes with StatReloader
/Users/macdemac/Local Sites/CAPE/backend/api/views.py changed, reloading.
Performing system checks...

System check identified no issues (0 silenced).
September 18, 2025 - 22:32:07
Django version 5.1.2, using settings 'config.settings'
Starting development server at http://0.0.0.0:8000/
Quit the server with CONTROL-C.

Watching for file changes with StatReloader
/Users/macdemac/Local Sites/CAPE/backend/api/models.py changed, reloading.
Performing system checks...

System check identified no issues (0 silenced).
September 18, 2025 - 22:38:07
Django version 5.1.2, using settings 'config.settings'
Starting development server at http://0.0.0.0:8000/
Quit the server with CONTROL-C.

Watching for file changes with StatReloader
/Users/macdemac/Local Sites/CAPE/backend/api/serializers.py changed, reloading.
Performing system checks...

System check identified no issues (0 silenced).
September 18, 2025 - 23:08:40
Django version 5.1.2, using settings 'config.settings'
Starting development server at http://0.0.0.0:8000/
Quit the server with CONTROL-C.

Watching for file changes with StatReloader
/Users/macdemac/Local Sites/CAPE/backend/api/views.py changed, reloading.
Performing system checks...

System check identified no issues (0 silenced).
September 18, 2025 - 23:09:00
Django version 5.1.2, using settings 'config.settings'
Starting development server at http://0.0.0.0:8000/
Quit the server with CONTROL-C.

Watching for file changes with StatReloader
/Users/macdemac/Local Sites/CAPE/backend/api/serializers.py changed, reloading.
Performing system checks...

System check identified no issues (0 silenced).
September 18, 2025 - 23:09:12
Django version 5.1.2, using settings 'config.settings'
Starting development server at http://0.0.0.0:8000/
Quit the server with CONTROL-C.

Watching for file changes with StatReloader
/Users/macdemac/Local Sites/CAPE/backend/api/models.py changed, reloading.
Performing system checks...

System check identified no issues (0 silenced).
September 18, 2025 - 23:13:21
Django version 5.1.2, using settings 'config.settings'
Starting development server at http://0.0.0.0:8000/
Quit the server with CONTROL-C.

Watching for file changes with StatReloader
/Users/macdemac/Local Sites/CAPE/backend/api/serializers.py changed, reloading.
Performing system checks...

System check identified no issues (0 silenced).
September 18, 2025 - 23:17:34
Django version 5.1.2, using settings 'config.settings'
Starting development server at http://0.0.0.0:8000/
Quit the server with CONTROL-C.

Watching for file changes with StatReloader
/Users/macdemac/Local Sites/CAPE/backend/api/serializers.py changed, reloading.
Performing system checks...

System check identified no issues (0 silenced).
September 18, 2025 - 23:17:48
Django version 5.1.2, using settings 'config.settings'
Starting development server at http://0.0.0.0:8000/
Quit the server with CONTROL-C.

Watching for file changes with StatReloader
/Users/macdemac/Local Sites/CAPE/backend/api/views.py changed, reloading.
Performing system checks...

System check identified no issues (0 silenced).
September 18, 2025 - 23:17:57
Django version 5.1.2, using settings 'config.settings'
Starting development server at http://0.0.0.0:8000/
Quit the server with CONTROL-C.

Watching for file changes with StatReloader
/Users/macdemac/Local Sites/CAPE/backend/api/views.py changed, reloading.
Performing system checks...

System check identified no issues (0 silenced).
September 18, 2025 - 23:18:06
Django version 5.1.2, using settings 'config.settings'
Starting development server at http://0.0.0.0:8000/
Quit the server with CONTROL-C.

Watching for file changes with StatReloader
/Users/macdemac/Local Sites/CAPE/backend/api/urls.py changed, reloading.
Performing system checks...

System check identified no issues (0 silenced).
September 18, 2025 - 23:18:21
Django version 5.1.2, using settings 'config.settings'
Starting development server at http://0.0.0.0:8000/
Quit the server with CONTROL-C.

Watching for file changes with StatReloader
/Users/macdemac/Local Sites/CAPE/backend/api/urls.py changed, reloading.
Performing system checks...

System check identified no issues (0 silenced).
September 18, 2025 - 23:18:31
Django version 5.1.2, using settings 'config.settings'
Starting development server at http://0.0.0.0:8000/
Quit the server with CONTROL-C.

Watching for file changes with StatReloader
/Users/macdemac/Local Sites/CAPE/backend/api/views.py changed, reloading.
Performing system checks...

System check identified no issues (0 silenced).
September 18, 2025 - 23:18:41
Django version 5.1.2, using settings 'config.settings'
Starting development server at http://0.0.0.0:8000/
Quit the server with CONTROL-C.

Watching for file changes with StatReloader
/Users/macdemac/Local Sites/CAPE/backend/api/models.py changed, reloading.
Performing system checks...

System check identified no issues (0 silenced).
September 18, 2025 - 23:20:46
Django version 5.1.2, using settings 'config.settings'
Starting development server at http://0.0.0.0:8000/
Quit the server with CONTROL-C.

Watching for file changes with StatReloader
/Users/macdemac/Local Sites/CAPE/backend/api/serializers.py changed, reloading.
Performing system checks...

System check identified no issues (0 silenced).
September 18, 2025 - 23:21:52
Django version 5.1.2, using settings 'config.settings'
Starting development server at http://0.0.0.0:8000/
Quit the server with CONTROL-C.

Watching for file changes with StatReloader
/Users/macdemac/Local Sites/CAPE/backend/api/serializers.py changed, reloading.
Performing system checks...

System check identified no issues (0 silenced).
September 19, 2025 - 00:38:38
Django version 5.1.2, using settings 'config.settings'
Starting development server at http://0.0.0.0:8000/
Quit the server with CONTROL-C.

Watching for file changes with StatReloader
/Users/macdemac/Local Sites/CAPE/backend/config/settings.py changed, reloading.
Performing system checks...

System check identified no issues (0 silenced).
September 19, 2025 - 00:39:03
Django version 5.1.2, using settings 'config.settings'
Starting development server at http://0.0.0.0:8000/
Quit the server with CONTROL-C.

Watching for file changes with StatReloader
/Users/macdemac/Local Sites/CAPE/backend/api/serializers.py changed, reloading.
Performing system checks...

System check identified no issues (0 silenced).
September 19, 2025 - 00:39:45
Django version 5.1.2, using settings 'config.settings'
Starting development server at http://0.0.0.0:8000/
Quit the server with CONTROL-C.

Watching for file changes with StatReloader
Performing system checks...

System check identified no issues (0 silenced).
September 19, 2025 - 00:41:11
Django version 5.1.2, using settings 'config.settings'
Starting development server at http://0.0.0.0:8000/
Quit the server with CONTROL-C.

